{"type":"operationStart","subtype":"profile","data":{"_id":"U4azh5oyTAMzV2ug","timestamp":"2026-04-20T09:13:57.388Z","state":"queued","mode":"standard","creationDate":"2026-04-20T09:13:57.389Z","modificationDate":"2026-04-20T09:13:57.389Z","shortid":"cRtrcyJ","$entitySet":"profiles"},"doDiffs":false,"timestamp":1776676437389,"id":"vs9l4yo2y5rn0aa","previousOperationId":null,"operationId":"m1h5oq9xathllu7"}
{"type":"log","level":"info","message":"Render request 4 queued for execution and waiting for available worker","previousOperationId":"m1h5oq9xathllu7","timestamp":1776676437389,"id":"ebo8yljrotfswxa"}
{"type":"operationStart","subtype":"render","name":"Laporan-Matrix","previousOperationId":"m1h5oq9xathllu7","timestamp":1776676437399,"id":"n8t9fgvmoi3wbxm","previousEventId":"vs9l4yo2y5rn0aa","operationId":"nrunzjqo96uj9bx"}
{"type":"log","timestamp":1776676437399,"level":"info","message":"Starting rendering request 4","meta":{"rootId":"68x06ff1was49ok","id":"68x06ff1was49ok"},"id":"s4or6sktztfv1ol","previousOperationId":"nrunzjqo96uj9bx"}
{"type":"log","timestamp":1776676437400,"level":"info","message":"Rendering template { name: Laporan-Matrix, recipe: chrome-pdf, engine: handlebars, preview: true }","meta":{"rootId":"68x06ff1was49ok","id":"68x06ff1was49ok"},"id":"knv4uvegs5iucg8","previousOperationId":"nrunzjqo96uj9bx"}
{"type":"log","timestamp":1776676437400,"level":"debug","message":"Inline data specified.","meta":{"rootId":"68x06ff1was49ok","id":"68x06ff1was49ok"},"id":"tv7pogny0s7qt2c","previousOperationId":"nrunzjqo96uj9bx"}
{"type":"log","timestamp":1776676437401,"level":"debug","message":"Base url not specified, skipping its injection.","meta":{"rootId":"68x06ff1was49ok","id":"68x06ff1was49ok"},"id":"gc2ljc8ahz8ep0y","previousOperationId":"nrunzjqo96uj9bx"}
{"type":"operationStart","subtype":"engine","name":"handlebars","timestamp":1776676437401,"id":"fuxw52qepm8tua2","previousEventId":"n8t9fgvmoi3wbxm","operationId":"w6mpga93l5gmd3j","previousOperationId":"nrunzjqo96uj9bx"}
{"type":"log","timestamp":1776676437401,"level":"debug","message":"Rendering engine handlebars","meta":{"rootId":"68x06ff1was49ok","id":"68x06ff1was49ok"},"id":"lochb10hw92vgrn","previousOperationId":"w6mpga93l5gmd3j"}
{"type":"operationEnd","operationId":"w6mpga93l5gmd3j","timestamp":1776676437415,"id":"atoajv897wlcypi","previousEventId":"fuxw52qepm8tua2","previousOperationId":"w6mpga93l5gmd3j"}
{"type":"operationStart","subtype":"recipe","name":"chrome-pdf","timestamp":1776676437416,"id":"djmsz70f05pzm9p","previousEventId":"atoajv897wlcypi","operationId":"ib0dles0f6njg23","previousOperationId":"w6mpga93l5gmd3j"}
{"type":"log","timestamp":1776676437416,"level":"debug","message":"Executing recipe chrome-pdf","meta":{"rootId":"68x06ff1was49ok","id":"68x06ff1was49ok"},"id":"d29vvgcia92ybl4","previousOperationId":"ib0dles0f6njg23"}
{"type":"log","timestamp":1776676437419,"level":"debug","message":"Converting with chrome Chrome/144.0.7559.96 using chrome-pool strategy","meta":{"rootId":"68x06ff1was49ok","id":"68x06ff1was49ok"},"id":"occs7e5ns605apz","previousOperationId":"ib0dles0f6njg23"}
{"type":"log","timestamp":1776676437553,"level":"debug","message":"Page request: GET (document) file:///C:/Users/kkabe/AppData/Local/Temp/jsreport/autocleanup/ba92a0ea-0ae7-4eac-a1e1-df15cc131acb-chrome-pdf.html","meta":{"rootId":"68x06ff1was49ok","id":"68x06ff1was49ok"},"id":"x9cyxszukhr7j9f","previousOperationId":"ib0dles0f6njg23"}
{"type":"log","timestamp":1776676437586,"level":"debug","message":"Page request finished: GET (document) 200 file:///C:/Users/kkabe/AppData/Local/Temp/jsreport/autocleanup/ba92a0ea-0ae7-4eac-a1e1-df15cc131acb-chrome-pdf.html","meta":{"rootId":"68x06ff1was49ok","id":"68x06ff1was49ok"},"id":"7zz4f5s282vwf07","previousOperationId":"ib0dles0f6njg23"}
{"type":"log","timestamp":1776676437587,"level":"debug","message":"Page request: GET (script) https://cdn.jsdelivr.net/npm/chart.js","meta":{"rootId":"68x06ff1was49ok","id":"68x06ff1was49ok"},"id":"hdpq3kbspw9jbl2","previousOperationId":"ib0dles0f6njg23"}
{"type":"log","timestamp":1776676437622,"level":"debug","message":"Page request finished: GET (script) 200 https://cdn.jsdelivr.net/npm/chart.js","meta":{"rootId":"68x06ff1was49ok","id":"68x06ff1was49ok"},"id":"qsqpwadfhwlcbwd","previousOperationId":"ib0dles0f6njg23"}
{"type":"log","timestamp":1776676437754,"level":"debug","message":"Running chrome with params {\"printBackground\":true,\"timeout\":59969,\"margin\":{}}","meta":{"rootId":"68x06ff1was49ok","id":"68x06ff1was49ok"},"id":"pbws9p5psr14beg","previousOperationId":"ib0dles0f6njg23"}
{"type":"operationEnd","operationId":"ib0dles0f6njg23","timestamp":1776676438138,"id":"d86b6wauol01xia","previousEventId":"djmsz70f05pzm9p","previousOperationId":"ib0dles0f6njg23"}
{"type":"log","timestamp":1776676438138,"level":"debug","message":"Skipping storing report.","meta":{"rootId":"68x06ff1was49ok","id":"68x06ff1was49ok"},"id":"zeeuhe91vxmf1ku","previousOperationId":"ib0dles0f6njg23"}
{"type":"log","timestamp":1776676438138,"level":"info","message":"Rendering request 4 finished in 751 ms","meta":{"rootId":"68x06ff1was49ok","id":"68x06ff1was49ok"},"id":"bjklf28dychk80l","previousOperationId":"ib0dles0f6njg23"}
{"type":"operationEnd","subtype":"render","operationId":"nrunzjqo96uj9bx","timestamp":1776676438138,"id":"bh9p21nvo0ez0uh","previousEventId":"d86b6wauol01xia","previousOperationId":"ib0dles0f6njg23"}
{"type":"operationEnd","doDiffs":false,"previousEventId":"vs9l4yo2y5rn0aa","previousOperationId":"m1h5oq9xathllu7","operationId":"m1h5oq9xathllu7","timestamp":1776676438143,"id":"pajkoq1p0tyb9tz"}
