{"type":"operationStart","subtype":"profile","data":{"_id":"7G8LPVAltjATMIhM","timestamp":"2026-04-20T09:10:28.664Z","state":"queued","mode":"standard","creationDate":"2026-04-20T09:10:28.666Z","modificationDate":"2026-04-20T09:10:28.666Z","shortid":"TBQmYua","$entitySet":"profiles"},"doDiffs":false,"timestamp":1776676228665,"id":"u4nek8yc2sifiri","previousOperationId":null,"operationId":"vtg2pyc2u5qjz3o"}
{"type":"log","level":"info","message":"Render request 2 queued for execution and waiting for available worker","previousOperationId":"vtg2pyc2u5qjz3o","timestamp":1776676228665,"id":"5hn936venalavnh"}
{"type":"operationStart","subtype":"render","name":"Laporan-Matrix","previousOperationId":"vtg2pyc2u5qjz3o","timestamp":1776676228679,"id":"ukip63ckel6eglx","previousEventId":"u4nek8yc2sifiri","operationId":"sasbandzy1slt49"}
{"type":"log","timestamp":1776676228680,"level":"info","message":"Starting rendering request 2","meta":{"rootId":"96c1d86et24t2xj","id":"96c1d86et24t2xj"},"id":"02f64j9hduika6r","previousOperationId":"sasbandzy1slt49"}
{"type":"log","timestamp":1776676228686,"level":"info","message":"Rendering template { name: Laporan-Matrix, recipe: chrome-pdf, engine: handlebars, preview: true }","meta":{"rootId":"96c1d86et24t2xj","id":"96c1d86et24t2xj"},"id":"x8ej0q0n4d939ix","previousOperationId":"sasbandzy1slt49"}
{"type":"log","timestamp":1776676228687,"level":"debug","message":"Inline data specified.","meta":{"rootId":"96c1d86et24t2xj","id":"96c1d86et24t2xj"},"id":"3go522908gccv4l","previousOperationId":"sasbandzy1slt49"}
{"type":"log","timestamp":1776676228700,"level":"debug","message":"Base url not specified, skipping its injection.","meta":{"rootId":"96c1d86et24t2xj","id":"96c1d86et24t2xj"},"id":"d6o33g1vm08a7xo","previousOperationId":"sasbandzy1slt49"}
{"type":"operationStart","subtype":"engine","name":"handlebars","timestamp":1776676228702,"id":"ko1nktqjzfvt2a9","previousEventId":"ukip63ckel6eglx","operationId":"na96f66isymezbp","previousOperationId":"sasbandzy1slt49"}
{"type":"log","timestamp":1776676228702,"level":"debug","message":"Rendering engine handlebars","meta":{"rootId":"96c1d86et24t2xj","id":"96c1d86et24t2xj"},"id":"2vpok64invv9s89","previousOperationId":"na96f66isymezbp"}
{"type":"operationEnd","operationId":"na96f66isymezbp","timestamp":1776676229440,"id":"sv6rmh5zimbb84p","previousEventId":"ko1nktqjzfvt2a9","previousOperationId":"na96f66isymezbp"}
{"type":"operationStart","subtype":"recipe","name":"chrome-pdf","timestamp":1776676229441,"id":"l7ywfcg9h0w5s1o","previousEventId":"sv6rmh5zimbb84p","operationId":"rl875j2ndkimssg","previousOperationId":"na96f66isymezbp"}
{"type":"log","timestamp":1776676229441,"level":"debug","message":"Executing recipe chrome-pdf","meta":{"rootId":"96c1d86et24t2xj","id":"96c1d86et24t2xj"},"id":"fxo1icg9iulqnkf","previousOperationId":"rl875j2ndkimssg"}
{"type":"log","timestamp":1776676230057,"level":"debug","message":"Converting with chrome Chrome/144.0.7559.96 using chrome-pool strategy","meta":{"rootId":"96c1d86et24t2xj","id":"96c1d86et24t2xj"},"id":"wwutya7fbz878nw","previousOperationId":"rl875j2ndkimssg"}
{"type":"log","timestamp":1776676230150,"level":"debug","message":"Page request: GET (document) file:///C:/Users/kkabe/AppData/Local/Temp/jsreport/autocleanup/2cbe3e2c-dde3-48f1-9524-7746ec37c02c-chrome-pdf.html","meta":{"rootId":"96c1d86et24t2xj","id":"96c1d86et24t2xj"},"id":"30m0zw4ydp6jlcl","previousOperationId":"rl875j2ndkimssg"}
{"type":"log","timestamp":1776676230251,"level":"debug","message":"Page request finished: GET (document) 200 file:///C:/Users/kkabe/AppData/Local/Temp/jsreport/autocleanup/2cbe3e2c-dde3-48f1-9524-7746ec37c02c-chrome-pdf.html","meta":{"rootId":"96c1d86et24t2xj","id":"96c1d86et24t2xj"},"id":"pfvqqm4ykhrpj1q","previousOperationId":"rl875j2ndkimssg"}
{"type":"log","timestamp":1776676230261,"level":"debug","message":"Page request: GET (script) https://cdn.jsdelivr.net/npm/chart.js","meta":{"rootId":"96c1d86et24t2xj","id":"96c1d86et24t2xj"},"id":"8tou2g0ip3xymou","previousOperationId":"rl875j2ndkimssg"}
{"type":"log","timestamp":1776676230691,"level":"debug","message":"Page request finished: GET (script) 200 https://cdn.jsdelivr.net/npm/chart.js","meta":{"rootId":"96c1d86et24t2xj","id":"96c1d86et24t2xj"},"id":"mxuntt4u3eyjflk","previousOperationId":"rl875j2ndkimssg"}
{"type":"log","timestamp":1776676230821,"level":"debug","message":"Running chrome with params {\"printBackground\":true,\"timeout\":59214,\"margin\":{}}","meta":{"rootId":"96c1d86et24t2xj","id":"96c1d86et24t2xj"},"id":"5bjb61tyac2mi5a","previousOperationId":"rl875j2ndkimssg"}
{"type":"operationEnd","operationId":"rl875j2ndkimssg","timestamp":1776676231330,"id":"qpalhpiitc9a7j5","previousEventId":"l7ywfcg9h0w5s1o","previousOperationId":"rl875j2ndkimssg"}
{"type":"log","timestamp":1776676231331,"level":"debug","message":"Skipping storing report.","meta":{"rootId":"96c1d86et24t2xj","id":"96c1d86et24t2xj"},"id":"pya9kjdhb6kgsko","previousOperationId":"rl875j2ndkimssg"}
{"type":"log","timestamp":1776676231331,"level":"info","message":"Rendering request 2 finished in 2668 ms","meta":{"rootId":"96c1d86et24t2xj","id":"96c1d86et24t2xj"},"id":"t7kk104i2gic1c0","previousOperationId":"rl875j2ndkimssg"}
{"type":"operationEnd","subtype":"render","operationId":"sasbandzy1slt49","timestamp":1776676231331,"id":"eo3sr2k4et9yxrq","previousEventId":"qpalhpiitc9a7j5","previousOperationId":"rl875j2ndkimssg"}
{"type":"operationEnd","doDiffs":false,"previousEventId":"u4nek8yc2sifiri","previousOperationId":"vtg2pyc2u5qjz3o","operationId":"vtg2pyc2u5qjz3o","timestamp":1776676231336,"id":"fmyouo03vuthb0t"}
