{"type":"operationStart","subtype":"profile","data":{"_id":"HNXVfChmAwnbxRvl","timestamp":"2026-04-20T09:46:03.983Z","state":"queued","mode":"standard","creationDate":"2026-04-20T09:46:03.992Z","modificationDate":"2026-04-20T09:46:03.992Z","shortid":"QaNJxD2","$entitySet":"profiles"},"doDiffs":false,"timestamp":1776678363985,"id":"1m7na7rhuqlwhf3","previousOperationId":null,"operationId":"zy7aoz942ca2m6k"}
{"type":"log","level":"info","message":"Render request 5 queued for execution and waiting for available worker","previousOperationId":"zy7aoz942ca2m6k","timestamp":1776678363986,"id":"6qe41w802p57hfl"}
{"type":"operationStart","subtype":"render","name":"Laporan-Matrix","previousOperationId":"zy7aoz942ca2m6k","timestamp":1776678364031,"id":"pyqlbejxouoqkrh","previousEventId":"1m7na7rhuqlwhf3","operationId":"d874v2i2zjmy3m7"}
{"type":"log","timestamp":1776678364032,"level":"info","message":"Starting rendering request 5","meta":{"rootId":"ggvumsr23m9bll7","id":"ggvumsr23m9bll7"},"id":"abzlw7fcdfsylpf","previousOperationId":"d874v2i2zjmy3m7"}
{"type":"log","timestamp":1776678364034,"level":"info","message":"Rendering template { name: Laporan-Matrix, recipe: chrome-pdf, engine: handlebars, preview: true }","meta":{"rootId":"ggvumsr23m9bll7","id":"ggvumsr23m9bll7"},"id":"qikn5p86d221lji","previousOperationId":"d874v2i2zjmy3m7"}
{"type":"log","timestamp":1776678364034,"level":"debug","message":"Inline data specified.","meta":{"rootId":"ggvumsr23m9bll7","id":"ggvumsr23m9bll7"},"id":"7qahssm8npvvj55","previousOperationId":"d874v2i2zjmy3m7"}
{"type":"log","timestamp":1776678364039,"level":"debug","message":"Base url not specified, skipping its injection.","meta":{"rootId":"ggvumsr23m9bll7","id":"ggvumsr23m9bll7"},"id":"a0ev7703u8flpej","previousOperationId":"d874v2i2zjmy3m7"}
{"type":"operationStart","subtype":"engine","name":"handlebars","timestamp":1776678364041,"id":"xhjwl6ni1pg7yo3","previousEventId":"pyqlbejxouoqkrh","operationId":"dj4h9ycyb1kwhhe","previousOperationId":"d874v2i2zjmy3m7"}
{"type":"log","timestamp":1776678364041,"level":"debug","message":"Rendering engine handlebars","meta":{"rootId":"ggvumsr23m9bll7","id":"ggvumsr23m9bll7"},"id":"zs5gh1rqbidtmn2","previousOperationId":"dj4h9ycyb1kwhhe"}
{"type":"operationEnd","operationId":"dj4h9ycyb1kwhhe","timestamp":1776678364070,"id":"npj9k8eyiy930y2","previousEventId":"xhjwl6ni1pg7yo3","previousOperationId":"dj4h9ycyb1kwhhe"}
{"type":"operationStart","subtype":"recipe","name":"chrome-pdf","timestamp":1776678364072,"id":"p5suqqiysm03xqv","previousEventId":"npj9k8eyiy930y2","operationId":"9su94su8ikwjdf1","previousOperationId":"dj4h9ycyb1kwhhe"}
{"type":"log","timestamp":1776678364072,"level":"debug","message":"Executing recipe chrome-pdf","meta":{"rootId":"ggvumsr23m9bll7","id":"ggvumsr23m9bll7"},"id":"9vhd09tmv8img0c","previousOperationId":"9su94su8ikwjdf1"}
{"type":"log","timestamp":1776678364096,"level":"debug","message":"Converting with chrome Chrome/144.0.7559.96 using chrome-pool strategy","meta":{"rootId":"ggvumsr23m9bll7","id":"ggvumsr23m9bll7"},"id":"79gikrdbrcqrmz8","previousOperationId":"9su94su8ikwjdf1"}
{"type":"log","timestamp":1776678364615,"level":"debug","message":"Page request: GET (document) file:///C:/Users/kkabe/AppData/Local/Temp/jsreport/autocleanup/39568931-4d31-4bba-901f-4df4121a62e9-chrome-pdf.html","meta":{"rootId":"ggvumsr23m9bll7","id":"ggvumsr23m9bll7"},"id":"cmo390s72xrvv9s","previousOperationId":"9su94su8ikwjdf1"}
{"type":"log","timestamp":1776678364649,"level":"debug","message":"Page request finished: GET (document) 200 file:///C:/Users/kkabe/AppData/Local/Temp/jsreport/autocleanup/39568931-4d31-4bba-901f-4df4121a62e9-chrome-pdf.html","meta":{"rootId":"ggvumsr23m9bll7","id":"ggvumsr23m9bll7"},"id":"og5vlrvh8e4xq6i","previousOperationId":"9su94su8ikwjdf1"}
{"type":"log","timestamp":1776678364654,"level":"debug","message":"Page request: GET (script) https://cdn.jsdelivr.net/npm/chart.js","meta":{"rootId":"ggvumsr23m9bll7","id":"ggvumsr23m9bll7"},"id":"nltv4iti9knl4bl","previousOperationId":"9su94su8ikwjdf1"}
{"type":"log","timestamp":1776678364682,"level":"debug","message":"Page request finished: GET (script) 200 https://cdn.jsdelivr.net/npm/chart.js","meta":{"rootId":"ggvumsr23m9bll7","id":"ggvumsr23m9bll7"},"id":"w6cu513gblnop3p","previousOperationId":"9su94su8ikwjdf1"}
{"type":"log","timestamp":1776678364857,"level":"debug","message":"Running chrome with params {\"printBackground\":true,\"timeout\":59904,\"margin\":{}}","meta":{"rootId":"ggvumsr23m9bll7","id":"ggvumsr23m9bll7"},"id":"rb4v0q7kcbdxs4l","previousOperationId":"9su94su8ikwjdf1"}
{"type":"operationEnd","operationId":"9su94su8ikwjdf1","timestamp":1776678365305,"id":"aoao2fdzbpxszl9","previousEventId":"p5suqqiysm03xqv","previousOperationId":"9su94su8ikwjdf1"}
{"type":"log","timestamp":1776678365305,"level":"debug","message":"Skipping storing report.","meta":{"rootId":"ggvumsr23m9bll7","id":"ggvumsr23m9bll7"},"id":"1xp2mh1aho0ssjy","previousOperationId":"9su94su8ikwjdf1"}
{"type":"log","timestamp":1776678365305,"level":"info","message":"Rendering request 5 finished in 1324 ms","meta":{"rootId":"ggvumsr23m9bll7","id":"ggvumsr23m9bll7"},"id":"erwlmfl0am8mwkw","previousOperationId":"9su94su8ikwjdf1"}
{"type":"operationEnd","subtype":"render","operationId":"d874v2i2zjmy3m7","timestamp":1776678365305,"id":"3e0qno3734bkr9q","previousEventId":"aoao2fdzbpxszl9","previousOperationId":"9su94su8ikwjdf1"}
{"type":"operationEnd","doDiffs":false,"previousEventId":"1m7na7rhuqlwhf3","previousOperationId":"zy7aoz942ca2m6k","operationId":"zy7aoz942ca2m6k","timestamp":1776678365310,"id":"6b4a74jnvnhs51e"}
