{"type":"operationStart","subtype":"profile","data":{"_id":"yFtiJpPFexLB8bp2","timestamp":"2026-04-20T09:52:42.434Z","state":"queued","mode":"standard","creationDate":"2026-04-20T09:52:42.437Z","modificationDate":"2026-04-20T09:52:42.437Z","shortid":"r5-G2RU","$entitySet":"profiles"},"doDiffs":false,"timestamp":1776678762436,"id":"tgujj0f6q2e3xi1","previousOperationId":null,"operationId":"ak15d6c56uvljhk"}
{"type":"log","level":"info","message":"Render request 7 queued for execution and waiting for available worker","previousOperationId":"ak15d6c56uvljhk","timestamp":1776678762436,"id":"01d587bsiug6vpv"}
{"type":"operationStart","subtype":"render","name":"Laporan-Matrix","previousOperationId":"ak15d6c56uvljhk","timestamp":1776678762447,"id":"2to71pugetwrl88","previousEventId":"tgujj0f6q2e3xi1","operationId":"9ph504l9a9ql4zl"}
{"type":"log","timestamp":1776678762447,"level":"info","message":"Starting rendering request 7","meta":{"rootId":"jlt9sy5nkv6s4ss","id":"jlt9sy5nkv6s4ss"},"id":"kpzwvun7ixsca5p","previousOperationId":"9ph504l9a9ql4zl"}
{"type":"log","timestamp":1776678762448,"level":"info","message":"Rendering template { name: Laporan-Matrix, recipe: chrome-pdf, engine: handlebars, preview: false }","meta":{"rootId":"jlt9sy5nkv6s4ss","id":"jlt9sy5nkv6s4ss"},"id":"yklr7b1t9bu8npw","previousOperationId":"9ph504l9a9ql4zl"}
{"type":"log","timestamp":1776678762448,"level":"debug","message":"Inline data specified.","meta":{"rootId":"jlt9sy5nkv6s4ss","id":"jlt9sy5nkv6s4ss"},"id":"0ya6416gpfnai1o","previousOperationId":"9ph504l9a9ql4zl"}
{"type":"log","timestamp":1776678762449,"level":"debug","message":"Base url not specified, skipping its injection.","meta":{"rootId":"jlt9sy5nkv6s4ss","id":"jlt9sy5nkv6s4ss"},"id":"xs1dj0bukzeg67e","previousOperationId":"9ph504l9a9ql4zl"}
{"type":"operationStart","subtype":"engine","name":"handlebars","timestamp":1776678762449,"id":"2oe978efeb8kvge","previousEventId":"2to71pugetwrl88","operationId":"abiutr99xsl3hdt","previousOperationId":"9ph504l9a9ql4zl"}
{"type":"log","timestamp":1776678762449,"level":"debug","message":"Rendering engine handlebars","meta":{"rootId":"jlt9sy5nkv6s4ss","id":"jlt9sy5nkv6s4ss"},"id":"d9esvxsr0awfyjo","previousOperationId":"abiutr99xsl3hdt"}
{"type":"operationEnd","operationId":"abiutr99xsl3hdt","timestamp":1776678762457,"id":"lcn66959yktpk2f","previousEventId":"2oe978efeb8kvge","previousOperationId":"abiutr99xsl3hdt"}
{"type":"operationStart","subtype":"recipe","name":"chrome-pdf","timestamp":1776678762457,"id":"18sotkwcn0s1sja","previousEventId":"lcn66959yktpk2f","operationId":"lbfkol444egtphh","previousOperationId":"abiutr99xsl3hdt"}
{"type":"log","timestamp":1776678762457,"level":"debug","message":"Executing recipe chrome-pdf","meta":{"rootId":"jlt9sy5nkv6s4ss","id":"jlt9sy5nkv6s4ss"},"id":"wq963u6mhboisqd","previousOperationId":"lbfkol444egtphh"}
{"type":"log","timestamp":1776678762460,"level":"debug","message":"Converting with chrome Chrome/144.0.7559.96 using chrome-pool strategy","meta":{"rootId":"jlt9sy5nkv6s4ss","id":"jlt9sy5nkv6s4ss"},"id":"i8huyg5ccxeoczb","previousOperationId":"lbfkol444egtphh"}
{"type":"log","timestamp":1776678762528,"level":"debug","message":"Page request: GET (document) file:///C:/Users/kkabe/AppData/Local/Temp/jsreport/autocleanup/8aa4758d-a2a9-43e3-b96f-fc1b73c3c851-chrome-pdf.html","meta":{"rootId":"jlt9sy5nkv6s4ss","id":"jlt9sy5nkv6s4ss"},"id":"fk4qgfjlqx2dt2q","previousOperationId":"lbfkol444egtphh"}
{"type":"log","timestamp":1776678762614,"level":"debug","message":"Page request finished: GET (document) 200 file:///C:/Users/kkabe/AppData/Local/Temp/jsreport/autocleanup/8aa4758d-a2a9-43e3-b96f-fc1b73c3c851-chrome-pdf.html","meta":{"rootId":"jlt9sy5nkv6s4ss","id":"jlt9sy5nkv6s4ss"},"id":"64fcq6v4ufa8rvi","previousOperationId":"lbfkol444egtphh"}
{"type":"log","timestamp":1776678762615,"level":"debug","message":"Page request: GET (script) https://cdn.jsdelivr.net/npm/chart.js","meta":{"rootId":"jlt9sy5nkv6s4ss","id":"jlt9sy5nkv6s4ss"},"id":"k6aa5dgn9nwc60u","previousOperationId":"lbfkol444egtphh"}
{"type":"log","timestamp":1776678762635,"level":"debug","message":"Page request finished: GET (script) 200 https://cdn.jsdelivr.net/npm/chart.js","meta":{"rootId":"jlt9sy5nkv6s4ss","id":"jlt9sy5nkv6s4ss"},"id":"vrwferltyb1dn6j","previousOperationId":"lbfkol444egtphh"}
{"type":"log","timestamp":1776678762769,"level":"debug","message":"Running chrome with params {\"printBackground\":true,\"timeout\":59974,\"margin\":{}}","meta":{"rootId":"jlt9sy5nkv6s4ss","id":"jlt9sy5nkv6s4ss"},"id":"ojy74p5mva0ff8r","previousOperationId":"lbfkol444egtphh"}
{"type":"operationEnd","operationId":"lbfkol444egtphh","timestamp":1776678763140,"id":"a6xazdu6y41vlrk","previousEventId":"18sotkwcn0s1sja","previousOperationId":"lbfkol444egtphh"}
{"type":"log","timestamp":1776678763140,"level":"debug","message":"Skipping storing report.","meta":{"rootId":"jlt9sy5nkv6s4ss","id":"jlt9sy5nkv6s4ss"},"id":"p7e7cgrgnoabnja","previousOperationId":"lbfkol444egtphh"}
{"type":"log","timestamp":1776678763140,"level":"info","message":"Rendering request 7 finished in 707 ms","meta":{"rootId":"jlt9sy5nkv6s4ss","id":"jlt9sy5nkv6s4ss"},"id":"1gtbuxnl53rikkh","previousOperationId":"lbfkol444egtphh"}
{"type":"operationEnd","subtype":"render","operationId":"9ph504l9a9ql4zl","timestamp":1776678763140,"id":"y8lsj0faw0combh","previousEventId":"a6xazdu6y41vlrk","previousOperationId":"lbfkol444egtphh"}
{"type":"operationEnd","doDiffs":false,"previousEventId":"tgujj0f6q2e3xi1","previousOperationId":"ak15d6c56uvljhk","operationId":"ak15d6c56uvljhk","timestamp":1776678763143,"id":"zhpyvuynn2ajzd9"}
