{"type":"operationStart","subtype":"profile","data":{"_id":"1MjnmkljrK21iyo4","timestamp":"2026-04-20T09:13:47.615Z","state":"queued","mode":"standard","creationDate":"2026-04-20T09:13:47.617Z","modificationDate":"2026-04-20T09:13:47.617Z","shortid":"LqEGrXD","$entitySet":"profiles"},"doDiffs":false,"timestamp":1776676427616,"id":"z7xzyxjdonul9in","previousOperationId":null,"operationId":"kx1hd24cmydc1gm"}
{"type":"log","level":"info","message":"Render request 3 queued for execution and waiting for available worker","previousOperationId":"kx1hd24cmydc1gm","timestamp":1776676427616,"id":"071yvibjace6ezb"}
{"type":"operationStart","subtype":"render","name":"Laporan-Matrix","previousOperationId":"kx1hd24cmydc1gm","timestamp":1776676427626,"id":"4yug857vbi2gtf6","previousEventId":"z7xzyxjdonul9in","operationId":"x5vwkh91gkqf7uk"}
{"type":"log","timestamp":1776676427627,"level":"info","message":"Starting rendering request 3","meta":{"rootId":"lbzdlscx60u6hv2","id":"lbzdlscx60u6hv2"},"id":"idmj1o6uxu4aug9","previousOperationId":"x5vwkh91gkqf7uk"}
{"type":"log","timestamp":1776676427627,"level":"info","message":"Rendering template { name: Laporan-Matrix, recipe: chrome-pdf, engine: handlebars, preview: true }","meta":{"rootId":"lbzdlscx60u6hv2","id":"lbzdlscx60u6hv2"},"id":"tpg0exxey3l2iko","previousOperationId":"x5vwkh91gkqf7uk"}
{"type":"log","timestamp":1776676427627,"level":"debug","message":"Inline data specified.","meta":{"rootId":"lbzdlscx60u6hv2","id":"lbzdlscx60u6hv2"},"id":"p32xf62gbalkv7r","previousOperationId":"x5vwkh91gkqf7uk"}
{"type":"log","timestamp":1776676427628,"level":"debug","message":"Base url not specified, skipping its injection.","meta":{"rootId":"lbzdlscx60u6hv2","id":"lbzdlscx60u6hv2"},"id":"dibs1nb91hcsn6c","previousOperationId":"x5vwkh91gkqf7uk"}
{"type":"operationStart","subtype":"engine","name":"handlebars","timestamp":1776676427629,"id":"9xq56siob0wnseq","previousEventId":"4yug857vbi2gtf6","operationId":"1hov4lykhucwtaa","previousOperationId":"x5vwkh91gkqf7uk"}
{"type":"log","timestamp":1776676427629,"level":"debug","message":"Rendering engine handlebars","meta":{"rootId":"lbzdlscx60u6hv2","id":"lbzdlscx60u6hv2"},"id":"yqnx8m293vx0f45","previousOperationId":"1hov4lykhucwtaa"}
{"type":"operationEnd","operationId":"1hov4lykhucwtaa","timestamp":1776676427650,"id":"72aq60crcuppko7","previousEventId":"9xq56siob0wnseq","previousOperationId":"1hov4lykhucwtaa"}
{"type":"operationStart","subtype":"recipe","name":"chrome-pdf","timestamp":1776676427650,"id":"z2oo1ttd3l4cqjn","previousEventId":"72aq60crcuppko7","operationId":"n0ny6wrm6lc63eb","previousOperationId":"1hov4lykhucwtaa"}
{"type":"log","timestamp":1776676427650,"level":"debug","message":"Executing recipe chrome-pdf","meta":{"rootId":"lbzdlscx60u6hv2","id":"lbzdlscx60u6hv2"},"id":"bn8g4ty434xyzrt","previousOperationId":"n0ny6wrm6lc63eb"}
{"type":"log","timestamp":1776676427655,"level":"debug","message":"Converting with chrome Chrome/144.0.7559.96 using chrome-pool strategy","meta":{"rootId":"lbzdlscx60u6hv2","id":"lbzdlscx60u6hv2"},"id":"z8bda7k71qcrlye","previousOperationId":"n0ny6wrm6lc63eb"}
{"type":"log","timestamp":1776676427860,"level":"debug","message":"Page request: GET (document) file:///C:/Users/kkabe/AppData/Local/Temp/jsreport/autocleanup/cfad8343-9ba8-4d41-8b5b-b2603ff37df4-chrome-pdf.html","meta":{"rootId":"lbzdlscx60u6hv2","id":"lbzdlscx60u6hv2"},"id":"z5i7mvxdh1wtqon","previousOperationId":"n0ny6wrm6lc63eb"}
{"type":"log","timestamp":1776676427885,"level":"debug","message":"Page request finished: GET (document) 200 file:///C:/Users/kkabe/AppData/Local/Temp/jsreport/autocleanup/cfad8343-9ba8-4d41-8b5b-b2603ff37df4-chrome-pdf.html","meta":{"rootId":"lbzdlscx60u6hv2","id":"lbzdlscx60u6hv2"},"id":"9tu5ojwqy95hxvt","previousOperationId":"n0ny6wrm6lc63eb"}
{"type":"log","timestamp":1776676427885,"level":"debug","message":"Page request: GET (script) https://cdn.jsdelivr.net/npm/chart.js","meta":{"rootId":"lbzdlscx60u6hv2","id":"lbzdlscx60u6hv2"},"id":"7amtnik5lq3odx0","previousOperationId":"n0ny6wrm6lc63eb"}
{"type":"log","timestamp":1776676427908,"level":"debug","message":"Page request finished: GET (script) 200 https://cdn.jsdelivr.net/npm/chart.js","meta":{"rootId":"lbzdlscx60u6hv2","id":"lbzdlscx60u6hv2"},"id":"o2v1tv2vvvhiz3h","previousOperationId":"n0ny6wrm6lc63eb"}
{"type":"log","timestamp":1776676428046,"level":"debug","message":"Running chrome with params {\"printBackground\":true,\"timeout\":59962,\"margin\":{}}","meta":{"rootId":"lbzdlscx60u6hv2","id":"lbzdlscx60u6hv2"},"id":"p4xwqk8j4kuubqg","previousOperationId":"n0ny6wrm6lc63eb"}
{"type":"operationEnd","operationId":"n0ny6wrm6lc63eb","timestamp":1776676428586,"id":"gbek2hunluteqw5","previousEventId":"z2oo1ttd3l4cqjn","previousOperationId":"n0ny6wrm6lc63eb"}
{"type":"log","timestamp":1776676428586,"level":"debug","message":"Skipping storing report.","meta":{"rootId":"lbzdlscx60u6hv2","id":"lbzdlscx60u6hv2"},"id":"t5okaleqo5266mw","previousOperationId":"n0ny6wrm6lc63eb"}
{"type":"log","timestamp":1776676428586,"level":"info","message":"Rendering request 3 finished in 971 ms","meta":{"rootId":"lbzdlscx60u6hv2","id":"lbzdlscx60u6hv2"},"id":"mxi85vlejaoaz05","previousOperationId":"n0ny6wrm6lc63eb"}
{"type":"operationEnd","subtype":"render","operationId":"x5vwkh91gkqf7uk","timestamp":1776676428586,"id":"giqk34npzzygeya","previousEventId":"gbek2hunluteqw5","previousOperationId":"n0ny6wrm6lc63eb"}
{"type":"operationEnd","doDiffs":false,"previousEventId":"z7xzyxjdonul9in","previousOperationId":"kx1hd24cmydc1gm","operationId":"kx1hd24cmydc1gm","timestamp":1776676428590,"id":"xq8asxiehgz6fwp"}
