{"type":"operationStart","subtype":"profile","data":{"_id":"9burA83vkDRxOLkz","timestamp":"2026-04-20T09:07:32.232Z","state":"queued","mode":"standard","creationDate":"2026-04-20T09:07:32.236Z","modificationDate":"2026-04-20T09:07:32.236Z","shortid":"2tfBxr7","$entitySet":"profiles"},"doDiffs":false,"timestamp":1776676052234,"id":"unrsw8jqo3zwk59","previousOperationId":null,"operationId":"y3970d616algbqq"}
{"type":"log","level":"info","message":"Render request 1 queued for execution and waiting for available worker","previousOperationId":"y3970d616algbqq","timestamp":1776676052235,"id":"667zo4iinkrgo4n"}
{"type":"operationStart","subtype":"render","name":"Laporan-Matrix","previousOperationId":"y3970d616algbqq","timestamp":1776676052269,"id":"dsl56e84f7kfvac","previousEventId":"unrsw8jqo3zwk59","operationId":"diit9jc34qae4ca"}
{"type":"log","timestamp":1776676052270,"level":"info","message":"Starting rendering request 1","meta":{"rootId":"p8lgyu9aog2az66","id":"p8lgyu9aog2az66"},"id":"zdhr6d56423o91o","previousOperationId":"diit9jc34qae4ca"}
{"type":"log","timestamp":1776676052272,"level":"info","message":"Rendering template { name: Laporan-Matrix, recipe: chrome-pdf, engine: handlebars, preview: true }","meta":{"rootId":"p8lgyu9aog2az66","id":"p8lgyu9aog2az66"},"id":"km2hr56jc2aprzh","previousOperationId":"diit9jc34qae4ca"}
{"type":"log","timestamp":1776676052276,"level":"debug","message":"Adding sample data B8EGRykFv","meta":{"rootId":"p8lgyu9aog2az66","id":"p8lgyu9aog2az66"},"id":"ts7pjr5tbzh9qgl","previousOperationId":"diit9jc34qae4ca"}
{"type":"log","timestamp":1776676052278,"level":"debug","message":"Base url not specified, skipping its injection.","meta":{"rootId":"p8lgyu9aog2az66","id":"p8lgyu9aog2az66"},"id":"21frh2ttcem9wbi","previousOperationId":"diit9jc34qae4ca"}
{"type":"operationStart","subtype":"engine","name":"handlebars","timestamp":1776676052280,"id":"wytni5jtyp4eh2o","previousEventId":"dsl56e84f7kfvac","operationId":"zorxkp7vvmvgvk5","previousOperationId":"diit9jc34qae4ca"}
{"type":"log","timestamp":1776676052280,"level":"debug","message":"Rendering engine handlebars","meta":{"rootId":"p8lgyu9aog2az66","id":"p8lgyu9aog2az66"},"id":"ahlqi8mzbyekteb","previousOperationId":"zorxkp7vvmvgvk5"}
{"type":"operationEnd","operationId":"zorxkp7vvmvgvk5","timestamp":1776676053128,"id":"dwvflrrf3otahea","previousEventId":"wytni5jtyp4eh2o","previousOperationId":"zorxkp7vvmvgvk5"}
{"type":"operationStart","subtype":"recipe","name":"chrome-pdf","timestamp":1776676053129,"id":"exmty89etg2rypu","previousEventId":"dwvflrrf3otahea","operationId":"532nmv8y60os83k","previousOperationId":"zorxkp7vvmvgvk5"}
{"type":"log","timestamp":1776676053129,"level":"debug","message":"Executing recipe chrome-pdf","meta":{"rootId":"p8lgyu9aog2az66","id":"p8lgyu9aog2az66"},"id":"1spms3eskiz725f","previousOperationId":"532nmv8y60os83k"}
{"type":"log","timestamp":1776676053907,"level":"debug","message":"Converting with chrome Chrome/144.0.7559.96 using chrome-pool strategy","meta":{"rootId":"p8lgyu9aog2az66","id":"p8lgyu9aog2az66"},"id":"jfyckzpx4pmz63b","previousOperationId":"532nmv8y60os83k"}
{"type":"log","timestamp":1776676054003,"level":"debug","message":"Page request: GET (document) file:///C:/Users/kkabe/AppData/Local/Temp/jsreport/autocleanup/b60e5aad-0645-4a9a-aba7-26f96f1a0a77-chrome-pdf.html","meta":{"rootId":"p8lgyu9aog2az66","id":"p8lgyu9aog2az66"},"id":"6porrilx677s6mu","previousOperationId":"532nmv8y60os83k"}
{"type":"log","timestamp":1776676054099,"level":"debug","message":"Page request finished: GET (document) 200 file:///C:/Users/kkabe/AppData/Local/Temp/jsreport/autocleanup/b60e5aad-0645-4a9a-aba7-26f96f1a0a77-chrome-pdf.html","meta":{"rootId":"p8lgyu9aog2az66","id":"p8lgyu9aog2az66"},"id":"81buw6e7gd4oqrw","previousOperationId":"532nmv8y60os83k"}
{"type":"log","timestamp":1776676054102,"level":"debug","message":"Page request: GET (script) https://cdn.jsdelivr.net/npm/chart.js","meta":{"rootId":"p8lgyu9aog2az66","id":"p8lgyu9aog2az66"},"id":"jq78zi6uj7cjjh7","previousOperationId":"532nmv8y60os83k"}
{"type":"log","timestamp":1776676054241,"level":"debug","message":"Page request finished: GET (script) 200 https://cdn.jsdelivr.net/npm/chart.js","meta":{"rootId":"p8lgyu9aog2az66","id":"p8lgyu9aog2az66"},"id":"ybhkinyj3pkpsbs","previousOperationId":"532nmv8y60os83k"}
{"type":"log","timestamp":1776676054363,"level":"debug","message":"Running chrome with params {\"printBackground\":true,\"timeout\":59092,\"margin\":{}}","meta":{"rootId":"p8lgyu9aog2az66","id":"p8lgyu9aog2az66"},"id":"8rjzn1oar2bfasm","previousOperationId":"532nmv8y60os83k"}
{"type":"operationEnd","operationId":"532nmv8y60os83k","timestamp":1776676054986,"id":"ngeqq47f25gkkjy","previousEventId":"exmty89etg2rypu","previousOperationId":"532nmv8y60os83k"}
{"type":"log","timestamp":1776676054987,"level":"debug","message":"Skipping storing report.","meta":{"rootId":"p8lgyu9aog2az66","id":"p8lgyu9aog2az66"},"id":"6a8sprvsyaqta9o","previousOperationId":"532nmv8y60os83k"}
{"type":"log","timestamp":1776676054987,"level":"info","message":"Rendering request 1 finished in 2756 ms","meta":{"rootId":"p8lgyu9aog2az66","id":"p8lgyu9aog2az66"},"id":"8rntumdv0o7e6fd","previousOperationId":"532nmv8y60os83k"}
{"type":"operationEnd","subtype":"render","operationId":"diit9jc34qae4ca","timestamp":1776676054987,"id":"oiq7d6ct66ifwt6","previousEventId":"ngeqq47f25gkkjy","previousOperationId":"532nmv8y60os83k"}
{"type":"operationEnd","doDiffs":false,"previousEventId":"unrsw8jqo3zwk59","previousOperationId":"y3970d616algbqq","operationId":"y3970d616algbqq","timestamp":1776676054994,"id":"06aqzsadgv2zzit"}
