{"type":"operationStart","subtype":"profile","data":{"_id":"59V7BpNA3QqTdtF7","timestamp":"2026-04-20T10:02:17.735Z","state":"queued","mode":"standard","creationDate":"2026-04-20T10:02:17.737Z","modificationDate":"2026-04-20T10:02:17.737Z","shortid":"1Tki1ya","$entitySet":"profiles"},"doDiffs":false,"timestamp":1776679337736,"id":"pljtyjexrdmpm5i","previousOperationId":null,"operationId":"6xa4n9rygs8b1pk"}
{"type":"log","level":"info","message":"Render request 12 queued for execution and waiting for available worker","previousOperationId":"6xa4n9rygs8b1pk","timestamp":1776679337736,"id":"b4d08dl3axeope8"}
{"type":"operationStart","subtype":"render","name":"Laporan-Matrix","previousOperationId":"6xa4n9rygs8b1pk","timestamp":1776679337763,"id":"qqxjhbpuqf1j8yg","previousEventId":"pljtyjexrdmpm5i","operationId":"wnz8fqc5wyh3how"}
{"type":"log","timestamp":1776679337763,"level":"info","message":"Starting rendering request 12","meta":{"rootId":"ph7a5o3no3da6ff","id":"ph7a5o3no3da6ff"},"id":"gyjz1qapkvb5rks","previousOperationId":"wnz8fqc5wyh3how"}
{"type":"log","timestamp":1776679337763,"level":"info","message":"Rendering template { name: Laporan-Matrix, recipe: chrome-pdf, engine: handlebars, preview: false }","meta":{"rootId":"ph7a5o3no3da6ff","id":"ph7a5o3no3da6ff"},"id":"qdho9b6rrrl4gx3","previousOperationId":"wnz8fqc5wyh3how"}
{"type":"log","timestamp":1776679337763,"level":"debug","message":"Inline data specified.","meta":{"rootId":"ph7a5o3no3da6ff","id":"ph7a5o3no3da6ff"},"id":"6xpj82o7ekruyhw","previousOperationId":"wnz8fqc5wyh3how"}
{"type":"log","timestamp":1776679337765,"level":"debug","message":"Base url not specified, skipping its injection.","meta":{"rootId":"ph7a5o3no3da6ff","id":"ph7a5o3no3da6ff"},"id":"r62mmaypkhn2fbg","previousOperationId":"wnz8fqc5wyh3how"}
{"type":"operationStart","subtype":"engine","name":"handlebars","timestamp":1776679337766,"id":"qyd6kgnvhbmryl1","previousEventId":"qqxjhbpuqf1j8yg","operationId":"8l0xozl73ekqsjq","previousOperationId":"wnz8fqc5wyh3how"}
{"type":"log","timestamp":1776679337766,"level":"debug","message":"Rendering engine handlebars","meta":{"rootId":"ph7a5o3no3da6ff","id":"ph7a5o3no3da6ff"},"id":"z5qjcb4o553mt3n","previousOperationId":"8l0xozl73ekqsjq"}
{"type":"operationEnd","operationId":"8l0xozl73ekqsjq","timestamp":1776679337775,"id":"2rnjhxmmjnz4h8l","previousEventId":"qyd6kgnvhbmryl1","previousOperationId":"8l0xozl73ekqsjq"}
{"type":"operationStart","subtype":"recipe","name":"chrome-pdf","timestamp":1776679337775,"id":"k6yx9zlby2yp8hg","previousEventId":"2rnjhxmmjnz4h8l","operationId":"0n543th7p1nj8oz","previousOperationId":"8l0xozl73ekqsjq"}
{"type":"log","timestamp":1776679337775,"level":"debug","message":"Executing recipe chrome-pdf","meta":{"rootId":"ph7a5o3no3da6ff","id":"ph7a5o3no3da6ff"},"id":"36rvbo9gvxfsem3","previousOperationId":"0n543th7p1nj8oz"}
{"type":"log","timestamp":1776679337775,"level":"debug","message":"Starting child request to render pdf header","meta":{"rootId":"ph7a5o3no3da6ff","id":"ph7a5o3no3da6ff"},"id":"kl6d6osxgf1h1dm","previousOperationId":"0n543th7p1nj8oz"}
{"type":"operationStart","subtype":"render","name":"anonymous","previousOperationId":"0n543th7p1nj8oz","timestamp":1776679337775,"id":"8oyrdymizqxsu4e","previousEventId":"k6yx9zlby2yp8hg","operationId":"9xnnmglns0wbz80"}
{"type":"log","timestamp":1776679337775,"level":"info","message":"Starting rendering (child) request","meta":{"rootId":"ph7a5o3no3da6ff","id":"ezsfgp2xdt57clw"},"id":"wyy14yd6xd1ylur","previousOperationId":"9xnnmglns0wbz80"}
{"type":"log","timestamp":1776679337775,"level":"info","message":"Rendering anonymous template { recipe: html, engine: handlebars }","meta":{"rootId":"ph7a5o3no3da6ff","id":"ezsfgp2xdt57clw"},"id":"gu7qloxp67qbc60","previousOperationId":"9xnnmglns0wbz80"}
{"type":"log","timestamp":1776679337775,"level":"debug","message":"Inline data specified.","meta":{"rootId":"ph7a5o3no3da6ff","id":"ezsfgp2xdt57clw"},"id":"gwhs6xonyygsivm","previousOperationId":"9xnnmglns0wbz80"}
{"type":"log","timestamp":1776679337779,"level":"debug","message":"Base url not specified, skipping its injection.","meta":{"rootId":"ph7a5o3no3da6ff","id":"ezsfgp2xdt57clw"},"id":"p0c2yi6ygq0dt8z","previousOperationId":"9xnnmglns0wbz80"}
{"type":"operationStart","subtype":"engine","name":"handlebars","timestamp":1776679337779,"id":"8r7so2ma78yy4bs","previousEventId":"8oyrdymizqxsu4e","operationId":"9557hdpkcw5xkf8","previousOperationId":"9xnnmglns0wbz80"}
{"type":"log","timestamp":1776679337779,"level":"debug","message":"Rendering engine handlebars","meta":{"rootId":"ph7a5o3no3da6ff","id":"ezsfgp2xdt57clw"},"id":"giqyh0nrqrl0na3","previousOperationId":"9557hdpkcw5xkf8"}
{"type":"operationEnd","operationId":"9557hdpkcw5xkf8","timestamp":1776679337793,"id":"906xb49x1ys5n79","previousEventId":"8r7so2ma78yy4bs","previousOperationId":"9557hdpkcw5xkf8"}
{"type":"operationStart","subtype":"recipe","name":"html","timestamp":1776679337793,"id":"e17hezq6cx2xxfr","previousEventId":"906xb49x1ys5n79","operationId":"0btxszc8snoqcbj","previousOperationId":"9557hdpkcw5xkf8"}
{"type":"log","timestamp":1776679337793,"level":"debug","message":"Executing recipe html","meta":{"rootId":"ph7a5o3no3da6ff","id":"ezsfgp2xdt57clw"},"id":"r5udl3v1hv9pe6q","previousOperationId":"0btxszc8snoqcbj"}
{"type":"operationEnd","operationId":"0btxszc8snoqcbj","timestamp":1776679337793,"id":"1642fxx16c86u2r","previousEventId":"e17hezq6cx2xxfr","previousOperationId":"0btxszc8snoqcbj"}
{"type":"log","timestamp":1776679337793,"level":"debug","message":"Skipping storing report.","meta":{"rootId":"ph7a5o3no3da6ff","id":"ezsfgp2xdt57clw"},"id":"oekyo8spvzpb96j","previousOperationId":"0btxszc8snoqcbj"}
{"type":"log","timestamp":1776679337793,"level":"info","message":"Rendering (child) request finished in 58 ms","meta":{"rootId":"ph7a5o3no3da6ff","id":"ezsfgp2xdt57clw"},"id":"a3cm5hkz31om4b7","previousOperationId":"0btxszc8snoqcbj"}
{"type":"operationEnd","subtype":"render","operationId":"9xnnmglns0wbz80","timestamp":1776679337793,"id":"vevx7uxvimf3248","previousEventId":"1642fxx16c86u2r","previousOperationId":"0btxszc8snoqcbj"}
{"type":"log","timestamp":1776679337796,"level":"debug","message":"Converting with chrome Chrome/144.0.7559.96 using chrome-pool strategy","meta":{"rootId":"ph7a5o3no3da6ff","id":"ph7a5o3no3da6ff"},"id":"5lygvdj8w1xwx5c","previousOperationId":"0n543th7p1nj8oz"}
{"type":"log","timestamp":1776679337879,"level":"debug","message":"Page request: GET (document) file:///C:/Users/kkabe/AppData/Local/Temp/jsreport/autocleanup/1be10d19-1ea3-42aa-9b1e-dcfc20ee2429-chrome-pdf.html","meta":{"rootId":"ph7a5o3no3da6ff","id":"ph7a5o3no3da6ff"},"id":"4lllb1shizkr637","previousOperationId":"0n543th7p1nj8oz"}
{"type":"log","timestamp":1776679337906,"level":"debug","message":"Page request finished: GET (document) 200 file:///C:/Users/kkabe/AppData/Local/Temp/jsreport/autocleanup/1be10d19-1ea3-42aa-9b1e-dcfc20ee2429-chrome-pdf.html","meta":{"rootId":"ph7a5o3no3da6ff","id":"ph7a5o3no3da6ff"},"id":"1pft6ysoysq8cy8","previousOperationId":"0n543th7p1nj8oz"}
{"type":"log","timestamp":1776679337906,"level":"debug","message":"Page request: GET (script) https://cdn.jsdelivr.net/npm/chart.js","meta":{"rootId":"ph7a5o3no3da6ff","id":"ph7a5o3no3da6ff"},"id":"t1u7mmwdxtd5vbq","previousOperationId":"0n543th7p1nj8oz"}
{"type":"log","timestamp":1776679337907,"level":"debug","message":"Page request: GET (image) https://via.placeholder.com/400x120?text=ASCON+MATRIX","meta":{"rootId":"ph7a5o3no3da6ff","id":"ph7a5o3no3da6ff"},"id":"86otivos6ddu310","previousOperationId":"0n543th7p1nj8oz"}
{"type":"log","timestamp":1776679337922,"level":"debug","message":"Page request finished: GET (script) 200 https://cdn.jsdelivr.net/npm/chart.js","meta":{"rootId":"ph7a5o3no3da6ff","id":"ph7a5o3no3da6ff"},"id":"6z67oojsnrh2yqs","previousOperationId":"0n543th7p1nj8oz"}
{"type":"log","timestamp":1776679338251,"level":"warn","message":"Page request failed: GET (image) https://via.placeholder.com/400x120?text=ASCON+MATRIX, failure: net::ERR_CONNECTION_CLOSED","meta":{"rootId":"ph7a5o3no3da6ff","id":"ph7a5o3no3da6ff"},"id":"stw9wss8n8v7q5e","previousOperationId":"0n543th7p1nj8oz"}
{"type":"log","timestamp":1776679338251,"level":"debug","message":"(console:error) Failed to load resource: net::ERR_CONNECTION_CLOSED","meta":{"userLevel":true,"rootId":"ph7a5o3no3da6ff","id":"ph7a5o3no3da6ff"},"id":"vn2ipanrsc4eqyx","previousOperationId":"0n543th7p1nj8oz"}
{"type":"log","timestamp":1776679338256,"level":"debug","message":"Running chrome with params {\"printBackground\":true,\"headerTemplate\":\"...\",\"timeout\":59940,\"margin\":{}}","meta":{"rootId":"ph7a5o3no3da6ff","id":"ph7a5o3no3da6ff"},"id":"6779glpjg4n4m29","previousOperationId":"0n543th7p1nj8oz"}
{"type":"operationEnd","operationId":"0n543th7p1nj8oz","timestamp":1776679338620,"id":"2w7j7esgz1x7e1q","previousEventId":"k6yx9zlby2yp8hg","previousOperationId":"0n543th7p1nj8oz"}
{"type":"log","timestamp":1776679338621,"level":"debug","message":"Skipping storing report.","meta":{"rootId":"ph7a5o3no3da6ff","id":"ph7a5o3no3da6ff"},"id":"la760jeuftqfc51","previousOperationId":"0n543th7p1nj8oz"}
{"type":"log","timestamp":1776679338621,"level":"info","message":"Rendering request 12 finished in 886 ms","meta":{"rootId":"ph7a5o3no3da6ff","id":"ph7a5o3no3da6ff"},"id":"mvh80cddisqda5j","previousOperationId":"0n543th7p1nj8oz"}
{"type":"operationEnd","subtype":"render","operationId":"wnz8fqc5wyh3how","timestamp":1776679338621,"id":"jbe1257lsjbngvn","previousEventId":"2w7j7esgz1x7e1q","previousOperationId":"0n543th7p1nj8oz"}
{"type":"operationEnd","doDiffs":false,"previousEventId":"pljtyjexrdmpm5i","previousOperationId":"6xa4n9rygs8b1pk","operationId":"6xa4n9rygs8b1pk","timestamp":1776679338623,"id":"pmrgj6wmd5ff8mx"}
