{"type":"operationStart","subtype":"profile","data":{"_id":"XSpmffjEB6SBf4Z6","timestamp":"2026-04-20T10:01:46.354Z","state":"queued","mode":"standard","creationDate":"2026-04-20T10:01:46.356Z","modificationDate":"2026-04-20T10:01:46.356Z","shortid":"qVHdk5R","$entitySet":"profiles"},"doDiffs":false,"timestamp":1776679306355,"id":"jpnisemueggvlkw","previousOperationId":null,"operationId":"seckdni2jvtxvhe"}
{"type":"log","level":"info","message":"Render request 11 queued for execution and waiting for available worker","previousOperationId":"seckdni2jvtxvhe","timestamp":1776679306355,"id":"prp9j1fdtbhzikz"}
{"type":"operationStart","subtype":"render","name":"Laporan-Matrix","previousOperationId":"seckdni2jvtxvhe","timestamp":1776679306362,"id":"bu1mr2pdzdh3asn","previousEventId":"jpnisemueggvlkw","operationId":"6e4nsqrl1c4gnbb"}
{"type":"log","timestamp":1776679306362,"level":"info","message":"Starting rendering request 11","meta":{"rootId":"shyq6hhaowiu21c","id":"shyq6hhaowiu21c"},"id":"uzfeor9crei6fqk","previousOperationId":"6e4nsqrl1c4gnbb"}
{"type":"log","timestamp":1776679306362,"level":"info","message":"Rendering template { name: Laporan-Matrix, recipe: chrome-pdf, engine: handlebars, preview: false }","meta":{"rootId":"shyq6hhaowiu21c","id":"shyq6hhaowiu21c"},"id":"yef9pvclisaj2qq","previousOperationId":"6e4nsqrl1c4gnbb"}
{"type":"log","timestamp":1776679306362,"level":"debug","message":"Inline data specified.","meta":{"rootId":"shyq6hhaowiu21c","id":"shyq6hhaowiu21c"},"id":"3scyqu4b205996b","previousOperationId":"6e4nsqrl1c4gnbb"}
{"type":"log","timestamp":1776679306363,"level":"debug","message":"Base url not specified, skipping its injection.","meta":{"rootId":"shyq6hhaowiu21c","id":"shyq6hhaowiu21c"},"id":"mibgioaamrwp7db","previousOperationId":"6e4nsqrl1c4gnbb"}
{"type":"operationStart","subtype":"engine","name":"handlebars","timestamp":1776679306363,"id":"ianxl9e73cddyg9","previousEventId":"bu1mr2pdzdh3asn","operationId":"xqcz1dqicgo361q","previousOperationId":"6e4nsqrl1c4gnbb"}
{"type":"log","timestamp":1776679306363,"level":"debug","message":"Rendering engine handlebars","meta":{"rootId":"shyq6hhaowiu21c","id":"shyq6hhaowiu21c"},"id":"xfha7g3ilmkubm1","previousOperationId":"xqcz1dqicgo361q"}
{"type":"operationEnd","operationId":"xqcz1dqicgo361q","timestamp":1776679306373,"id":"lkwm2zn5pljdjm5","previousEventId":"ianxl9e73cddyg9","previousOperationId":"xqcz1dqicgo361q"}
{"type":"operationStart","subtype":"recipe","name":"chrome-pdf","timestamp":1776679306373,"id":"0qu9bhjsqa85qaj","previousEventId":"lkwm2zn5pljdjm5","operationId":"go92ro4zkzeqbxp","previousOperationId":"xqcz1dqicgo361q"}
{"type":"log","timestamp":1776679306373,"level":"debug","message":"Executing recipe chrome-pdf","meta":{"rootId":"shyq6hhaowiu21c","id":"shyq6hhaowiu21c"},"id":"3uq0qev3leekyv6","previousOperationId":"go92ro4zkzeqbxp"}
{"type":"log","timestamp":1776679306373,"level":"debug","message":"Starting child request to render pdf header","meta":{"rootId":"shyq6hhaowiu21c","id":"shyq6hhaowiu21c"},"id":"zws5bjyne4lyk2a","previousOperationId":"go92ro4zkzeqbxp"}
{"type":"operationStart","subtype":"render","name":"anonymous","previousOperationId":"go92ro4zkzeqbxp","timestamp":1776679306374,"id":"pjvrfklx0wgy7e8","previousEventId":"0qu9bhjsqa85qaj","operationId":"313isqt878y8p9c"}
{"type":"log","timestamp":1776679306374,"level":"info","message":"Starting rendering (child) request","meta":{"rootId":"shyq6hhaowiu21c","id":"di06h0iis2liih4"},"id":"m90peke0cowtj42","previousOperationId":"313isqt878y8p9c"}
{"type":"log","timestamp":1776679306374,"level":"info","message":"Rendering anonymous template { recipe: html, engine: handlebars }","meta":{"rootId":"shyq6hhaowiu21c","id":"di06h0iis2liih4"},"id":"ywuczib25ghae6k","previousOperationId":"313isqt878y8p9c"}
{"type":"log","timestamp":1776679306374,"level":"debug","message":"Inline data specified.","meta":{"rootId":"shyq6hhaowiu21c","id":"di06h0iis2liih4"},"id":"e8j2ddrq1tt72tk","previousOperationId":"313isqt878y8p9c"}
{"type":"log","timestamp":1776679306375,"level":"debug","message":"Base url not specified, skipping its injection.","meta":{"rootId":"shyq6hhaowiu21c","id":"di06h0iis2liih4"},"id":"5nwoeg72klxingx","previousOperationId":"313isqt878y8p9c"}
{"type":"operationStart","subtype":"engine","name":"handlebars","timestamp":1776679306375,"id":"5dfxht6o9j6emv6","previousEventId":"pjvrfklx0wgy7e8","operationId":"ljs3auuiwsqt4qr","previousOperationId":"313isqt878y8p9c"}
{"type":"log","timestamp":1776679306375,"level":"debug","message":"Rendering engine handlebars","meta":{"rootId":"shyq6hhaowiu21c","id":"di06h0iis2liih4"},"id":"953zwdf00l8pb1z","previousOperationId":"ljs3auuiwsqt4qr"}
{"type":"operationEnd","operationId":"ljs3auuiwsqt4qr","timestamp":1776679306382,"id":"qgur8h8o3bup816","previousEventId":"5dfxht6o9j6emv6","previousOperationId":"ljs3auuiwsqt4qr"}
{"type":"operationStart","subtype":"recipe","name":"html","timestamp":1776679306382,"id":"6cn0suwo7v15oxu","previousEventId":"qgur8h8o3bup816","operationId":"9nyjs326mi6rgn6","previousOperationId":"ljs3auuiwsqt4qr"}
{"type":"log","timestamp":1776679306382,"level":"debug","message":"Executing recipe html","meta":{"rootId":"shyq6hhaowiu21c","id":"di06h0iis2liih4"},"id":"wybonhofq45swvn","previousOperationId":"9nyjs326mi6rgn6"}
{"type":"operationEnd","operationId":"9nyjs326mi6rgn6","timestamp":1776679306382,"id":"thnq5yjdi1g3932","previousEventId":"6cn0suwo7v15oxu","previousOperationId":"9nyjs326mi6rgn6"}
{"type":"log","timestamp":1776679306382,"level":"debug","message":"Skipping storing report.","meta":{"rootId":"shyq6hhaowiu21c","id":"di06h0iis2liih4"},"id":"8iinu9udkrni2oc","previousOperationId":"9nyjs326mi6rgn6"}
{"type":"log","timestamp":1776679306382,"level":"info","message":"Rendering (child) request finished in 28 ms","meta":{"rootId":"shyq6hhaowiu21c","id":"di06h0iis2liih4"},"id":"3obhczmq4w8gmjh","previousOperationId":"9nyjs326mi6rgn6"}
{"type":"operationEnd","subtype":"render","operationId":"313isqt878y8p9c","timestamp":1776679306382,"id":"c4smmyebc3zo2v5","previousEventId":"thnq5yjdi1g3932","previousOperationId":"9nyjs326mi6rgn6"}
{"type":"log","timestamp":1776679306385,"level":"debug","message":"Converting with chrome Chrome/144.0.7559.96 using chrome-pool strategy","meta":{"rootId":"shyq6hhaowiu21c","id":"shyq6hhaowiu21c"},"id":"lw815905bbj0sed","previousOperationId":"go92ro4zkzeqbxp"}
{"type":"log","timestamp":1776679306445,"level":"debug","message":"Page request: GET (document) file:///C:/Users/kkabe/AppData/Local/Temp/jsreport/autocleanup/97d0d776-8507-4593-9d8c-76fa2b9bdbc7-chrome-pdf.html","meta":{"rootId":"shyq6hhaowiu21c","id":"shyq6hhaowiu21c"},"id":"zce5v5qvdbg8wb0","previousOperationId":"go92ro4zkzeqbxp"}
{"type":"log","timestamp":1776679306487,"level":"debug","message":"Page request finished: GET (document) 200 file:///C:/Users/kkabe/AppData/Local/Temp/jsreport/autocleanup/97d0d776-8507-4593-9d8c-76fa2b9bdbc7-chrome-pdf.html","meta":{"rootId":"shyq6hhaowiu21c","id":"shyq6hhaowiu21c"},"id":"gfnk300jtx5uhud","previousOperationId":"go92ro4zkzeqbxp"}
{"type":"log","timestamp":1776679306487,"level":"debug","message":"Page request: GET (script) https://cdn.jsdelivr.net/npm/chart.js","meta":{"rootId":"shyq6hhaowiu21c","id":"shyq6hhaowiu21c"},"id":"21iklumb3tgzp6c","previousOperationId":"go92ro4zkzeqbxp"}
{"type":"log","timestamp":1776679306492,"level":"debug","message":"Page request: GET (image) https://via.placeholder.com/400x120?text=ASCON+MATRIX","meta":{"rootId":"shyq6hhaowiu21c","id":"shyq6hhaowiu21c"},"id":"boo0gwq0lnztd0e","previousOperationId":"go92ro4zkzeqbxp"}
{"type":"log","timestamp":1776679306506,"level":"debug","message":"Page request finished: GET (script) 200 https://cdn.jsdelivr.net/npm/chart.js","meta":{"rootId":"shyq6hhaowiu21c","id":"shyq6hhaowiu21c"},"id":"vyhfix0zxvqu5ig","previousOperationId":"go92ro4zkzeqbxp"}
{"type":"log","timestamp":1776679306847,"level":"warn","message":"Page request failed: GET (image) https://via.placeholder.com/400x120?text=ASCON+MATRIX, failure: net::ERR_CONNECTION_CLOSED","meta":{"rootId":"shyq6hhaowiu21c","id":"shyq6hhaowiu21c"},"id":"t07gr339m022xzj","previousOperationId":"go92ro4zkzeqbxp"}
{"type":"log","timestamp":1776679306847,"level":"debug","message":"(console:error) Failed to load resource: net::ERR_CONNECTION_CLOSED","meta":{"userLevel":true,"rootId":"shyq6hhaowiu21c","id":"shyq6hhaowiu21c"},"id":"q8n9ju0i3dwc0yg","previousOperationId":"go92ro4zkzeqbxp"}
{"type":"log","timestamp":1776679306849,"level":"debug","message":"Running chrome with params {\"printBackground\":true,\"headerTemplate\":\"...\",\"timeout\":59970,\"margin\":{}}","meta":{"rootId":"shyq6hhaowiu21c","id":"shyq6hhaowiu21c"},"id":"ptuguclrht05qzi","previousOperationId":"go92ro4zkzeqbxp"}
{"type":"operationEnd","operationId":"go92ro4zkzeqbxp","timestamp":1776679307287,"id":"71kctzsrxu8m27r","previousEventId":"0qu9bhjsqa85qaj","previousOperationId":"go92ro4zkzeqbxp"}
{"type":"log","timestamp":1776679307287,"level":"debug","message":"Skipping storing report.","meta":{"rootId":"shyq6hhaowiu21c","id":"shyq6hhaowiu21c"},"id":"eya2t112nlvv0sz","previousOperationId":"go92ro4zkzeqbxp"}
{"type":"log","timestamp":1776679307287,"level":"info","message":"Rendering request 11 finished in 933 ms","meta":{"rootId":"shyq6hhaowiu21c","id":"shyq6hhaowiu21c"},"id":"asvc5ns2dmtwo7g","previousOperationId":"go92ro4zkzeqbxp"}
{"type":"operationEnd","subtype":"render","operationId":"6e4nsqrl1c4gnbb","timestamp":1776679307287,"id":"8xyyfhts3acqq59","previousEventId":"71kctzsrxu8m27r","previousOperationId":"go92ro4zkzeqbxp"}
{"type":"operationEnd","doDiffs":false,"previousEventId":"jpnisemueggvlkw","previousOperationId":"seckdni2jvtxvhe","operationId":"seckdni2jvtxvhe","timestamp":1776679307290,"id":"rufrt6sz93xhxsn"}
