{"type":"operationStart","subtype":"profile","data":{"_id":"xyBGJ84MqPXygTKB","timestamp":"2026-04-20T08:39:29.336Z","state":"queued","mode":"standard","creationDate":"2026-04-20T08:39:29.338Z","modificationDate":"2026-04-20T08:39:29.338Z","shortid":"F8ERqNv","$entitySet":"profiles"},"doDiffs":false,"timestamp":1776674369337,"id":"ioyweoy432ayahu","previousOperationId":null,"operationId":"dhza3vimgl0cbil"}
{"type":"log","level":"info","message":"Render request 2 queued for execution and waiting for available worker","previousOperationId":"dhza3vimgl0cbil","timestamp":1776674369337,"id":"kj6wikj7m9d722m"}
{"type":"operationStart","subtype":"render","name":"anonymous","previousOperationId":"dhza3vimgl0cbil","timestamp":1776674369347,"id":"0ter8kcoc09955b","previousEventId":"ioyweoy432ayahu","operationId":"yhgsr2cb9e1uuu7"}
{"type":"log","timestamp":1776674369348,"level":"info","message":"Starting rendering request 2","meta":{"rootId":"3mrnt4dcy34fryn","id":"3mrnt4dcy34fryn"},"id":"9hy9kctvq6b0d71","previousOperationId":"yhgsr2cb9e1uuu7"}
{"type":"log","timestamp":1776674369348,"level":"info","message":"Rendering template { name: Laporan-Matrix, recipe: chrome-pdf, engine: handlebars, preview: true }","meta":{"rootId":"3mrnt4dcy34fryn","id":"3mrnt4dcy34fryn"},"id":"d5ea459lp5ql6gp","previousOperationId":"yhgsr2cb9e1uuu7"}
{"type":"log","timestamp":1776674369349,"level":"debug","message":"Inline data specified.","meta":{"rootId":"3mrnt4dcy34fryn","id":"3mrnt4dcy34fryn"},"id":"vyv5v6opih4s1wl","previousOperationId":"yhgsr2cb9e1uuu7"}
{"type":"log","timestamp":1776674369353,"level":"debug","message":"Base url not specified, skipping its injection.","meta":{"rootId":"3mrnt4dcy34fryn","id":"3mrnt4dcy34fryn"},"id":"yfzmn4dz8kx5r98","previousOperationId":"yhgsr2cb9e1uuu7"}
{"type":"operationStart","subtype":"engine","name":"handlebars","timestamp":1776674369355,"id":"ak96msedfr27wt0","previousEventId":"0ter8kcoc09955b","operationId":"shm84tjwncw1e0b","previousOperationId":"yhgsr2cb9e1uuu7"}
{"type":"log","timestamp":1776674369355,"level":"debug","message":"Rendering engine handlebars","meta":{"rootId":"3mrnt4dcy34fryn","id":"3mrnt4dcy34fryn"},"id":"71nmid67wemfzb6","previousOperationId":"shm84tjwncw1e0b"}
{"type":"operationEnd","operationId":"shm84tjwncw1e0b","timestamp":1776674369971,"id":"wgpwbixphixq895","previousEventId":"ak96msedfr27wt0","previousOperationId":"shm84tjwncw1e0b"}
{"type":"operationStart","subtype":"recipe","name":"chrome-pdf","timestamp":1776674369972,"id":"ugypw7d15ecoi46","previousEventId":"wgpwbixphixq895","operationId":"kdt4xtcyknu7t38","previousOperationId":"shm84tjwncw1e0b"}
{"type":"log","timestamp":1776674369972,"level":"debug","message":"Executing recipe chrome-pdf","meta":{"rootId":"3mrnt4dcy34fryn","id":"3mrnt4dcy34fryn"},"id":"y6w4t4vficgllk6","previousOperationId":"kdt4xtcyknu7t38"}
{"type":"log","timestamp":1776674370951,"level":"debug","message":"Converting with chrome Chrome/144.0.7559.96 using chrome-pool strategy","meta":{"rootId":"3mrnt4dcy34fryn","id":"3mrnt4dcy34fryn"},"id":"vq6hrvrvez7uk2h","previousOperationId":"kdt4xtcyknu7t38"}
{"type":"log","timestamp":1776674371040,"level":"debug","message":"Page request: GET (document) file:///C:/Users/kkabe/AppData/Local/Temp/jsreport/autocleanup/45d46efa-32f0-4696-ad23-61698fc3524a-chrome-pdf.html","meta":{"rootId":"3mrnt4dcy34fryn","id":"3mrnt4dcy34fryn"},"id":"7giy73hvi4uqjwn","previousOperationId":"kdt4xtcyknu7t38"}
{"type":"log","timestamp":1776674371061,"level":"debug","message":"Page request finished: GET (document) 200 file:///C:/Users/kkabe/AppData/Local/Temp/jsreport/autocleanup/45d46efa-32f0-4696-ad23-61698fc3524a-chrome-pdf.html","meta":{"rootId":"3mrnt4dcy34fryn","id":"3mrnt4dcy34fryn"},"id":"td65svwhulyvzsz","previousOperationId":"kdt4xtcyknu7t38"}
{"type":"log","timestamp":1776674371065,"level":"debug","message":"Running chrome with params {\"printBackground\":true,\"timeout\":59355,\"margin\":{}}","meta":{"rootId":"3mrnt4dcy34fryn","id":"3mrnt4dcy34fryn"},"id":"dyftpgwlkcumayt","previousOperationId":"kdt4xtcyknu7t38"}
{"type":"operationEnd","operationId":"kdt4xtcyknu7t38","timestamp":1776674371144,"id":"kbtpi207cackol9","previousEventId":"ugypw7d15ecoi46","previousOperationId":"kdt4xtcyknu7t38"}
{"type":"log","timestamp":1776674371145,"level":"debug","message":"Skipping storing report.","meta":{"rootId":"3mrnt4dcy34fryn","id":"3mrnt4dcy34fryn"},"id":"yvzhu0jcl61376n","previousOperationId":"kdt4xtcyknu7t38"}
{"type":"log","timestamp":1776674371145,"level":"info","message":"Rendering request 2 finished in 1809 ms","meta":{"rootId":"3mrnt4dcy34fryn","id":"3mrnt4dcy34fryn"},"id":"cmm04cpqt6twhrr","previousOperationId":"kdt4xtcyknu7t38"}
{"type":"operationEnd","subtype":"render","operationId":"yhgsr2cb9e1uuu7","timestamp":1776674371145,"id":"vm4nwsm9t0qelyf","previousEventId":"kbtpi207cackol9","previousOperationId":"kdt4xtcyknu7t38"}
{"type":"operationEnd","doDiffs":false,"previousEventId":"ioyweoy432ayahu","previousOperationId":"dhza3vimgl0cbil","operationId":"dhza3vimgl0cbil","timestamp":1776674371150,"id":"xm27x3881yzziet"}
