{"type":"operationStart","subtype":"profile","data":{"_id":"ar9bcCmXRiaBkFIu","timestamp":"2026-04-20T08:40:13.032Z","state":"queued","mode":"standard","creationDate":"2026-04-20T08:40:13.033Z","modificationDate":"2026-04-20T08:40:13.033Z","shortid":"6Vp8eVR","$entitySet":"profiles"},"doDiffs":false,"timestamp":1776674413033,"id":"co2ijlhx13dgxm0","previousOperationId":null,"operationId":"b0no3egm9c6a7rf"}
{"type":"log","level":"info","message":"Render request 3 queued for execution and waiting for available worker","previousOperationId":"b0no3egm9c6a7rf","timestamp":1776674413033,"id":"gpx1wehbn8uusil"}
{"type":"operationStart","subtype":"render","name":"anonymous","previousOperationId":"b0no3egm9c6a7rf","timestamp":1776674413043,"id":"ocvxcnymm5qpxwz","previousEventId":"co2ijlhx13dgxm0","operationId":"nxu6nznbtkbekf5"}
{"type":"log","timestamp":1776674413043,"level":"info","message":"Starting rendering request 3","meta":{"rootId":"ai2z5cgt0x21h9b","id":"ai2z5cgt0x21h9b"},"id":"nsz6eri74ene1kf","previousOperationId":"nxu6nznbtkbekf5"}
{"type":"log","timestamp":1776674413044,"level":"info","message":"Rendering template { name: Laporan-Matrix, recipe: chrome-pdf, engine: handlebars, preview: true }","meta":{"rootId":"ai2z5cgt0x21h9b","id":"ai2z5cgt0x21h9b"},"id":"8h4xrwkkb3edctn","previousOperationId":"nxu6nznbtkbekf5"}
{"type":"log","timestamp":1776674413044,"level":"debug","message":"Inline data specified.","meta":{"rootId":"ai2z5cgt0x21h9b","id":"ai2z5cgt0x21h9b"},"id":"okwtjr7nowrvzll","previousOperationId":"nxu6nznbtkbekf5"}
{"type":"log","timestamp":1776674413047,"level":"debug","message":"Base url not specified, skipping its injection.","meta":{"rootId":"ai2z5cgt0x21h9b","id":"ai2z5cgt0x21h9b"},"id":"z6sogrn0u1ewcdt","previousOperationId":"nxu6nznbtkbekf5"}
{"type":"operationStart","subtype":"engine","name":"handlebars","timestamp":1776674413048,"id":"m0in50zzcubf6al","previousEventId":"ocvxcnymm5qpxwz","operationId":"u9x87guibdlxcjj","previousOperationId":"nxu6nznbtkbekf5"}
{"type":"log","timestamp":1776674413048,"level":"debug","message":"Rendering engine handlebars","meta":{"rootId":"ai2z5cgt0x21h9b","id":"ai2z5cgt0x21h9b"},"id":"ed05q7ygs8hmspm","previousOperationId":"u9x87guibdlxcjj"}
{"type":"operationEnd","operationId":"u9x87guibdlxcjj","timestamp":1776674413551,"id":"03jiv3m6y6av888","previousEventId":"m0in50zzcubf6al","previousOperationId":"u9x87guibdlxcjj"}
{"type":"operationStart","subtype":"recipe","name":"chrome-pdf","timestamp":1776674413552,"id":"sni33otz9rjiquh","previousEventId":"03jiv3m6y6av888","operationId":"ow0u9qjigwkwufk","previousOperationId":"u9x87guibdlxcjj"}
{"type":"log","timestamp":1776674413552,"level":"debug","message":"Executing recipe chrome-pdf","meta":{"rootId":"ai2z5cgt0x21h9b","id":"ai2z5cgt0x21h9b"},"id":"1eribmdlbgi5cb8","previousOperationId":"ow0u9qjigwkwufk"}
{"type":"log","timestamp":1776674413980,"level":"debug","message":"Converting with chrome Chrome/144.0.7559.96 using chrome-pool strategy","meta":{"rootId":"ai2z5cgt0x21h9b","id":"ai2z5cgt0x21h9b"},"id":"mgl8rd719m80unw","previousOperationId":"ow0u9qjigwkwufk"}
{"type":"log","timestamp":1776674414056,"level":"debug","message":"Page request: GET (document) file:///C:/Users/kkabe/AppData/Local/Temp/jsreport/autocleanup/caead3dd-8da1-4f92-b237-7b3b995a81e6-chrome-pdf.html","meta":{"rootId":"ai2z5cgt0x21h9b","id":"ai2z5cgt0x21h9b"},"id":"hj1vi2wf4f2d28l","previousOperationId":"ow0u9qjigwkwufk"}
{"type":"log","timestamp":1776674414137,"level":"debug","message":"Page request finished: GET (document) 200 file:///C:/Users/kkabe/AppData/Local/Temp/jsreport/autocleanup/caead3dd-8da1-4f92-b237-7b3b995a81e6-chrome-pdf.html","meta":{"rootId":"ai2z5cgt0x21h9b","id":"ai2z5cgt0x21h9b"},"id":"n74e94ufne6bqp8","previousOperationId":"ow0u9qjigwkwufk"}
{"type":"log","timestamp":1776674414146,"level":"debug","message":"Running chrome with params {\"printBackground\":true,\"timeout\":59471,\"margin\":{}}","meta":{"rootId":"ai2z5cgt0x21h9b","id":"ai2z5cgt0x21h9b"},"id":"8ix8j32lw841ool","previousOperationId":"ow0u9qjigwkwufk"}
{"type":"operationEnd","operationId":"ow0u9qjigwkwufk","timestamp":1776674414401,"id":"optb0syfhai96ac","previousEventId":"sni33otz9rjiquh","previousOperationId":"ow0u9qjigwkwufk"}
{"type":"log","timestamp":1776674414402,"level":"debug","message":"Skipping storing report.","meta":{"rootId":"ai2z5cgt0x21h9b","id":"ai2z5cgt0x21h9b"},"id":"llxtq5yxb3ehcq7","previousOperationId":"ow0u9qjigwkwufk"}
{"type":"log","timestamp":1776674414402,"level":"info","message":"Rendering request 3 finished in 1370 ms","meta":{"rootId":"ai2z5cgt0x21h9b","id":"ai2z5cgt0x21h9b"},"id":"4bbj3yh00n56c5m","previousOperationId":"ow0u9qjigwkwufk"}
{"type":"operationEnd","subtype":"render","operationId":"nxu6nznbtkbekf5","timestamp":1776674414402,"id":"l7qs6vfa10f7h84","previousEventId":"optb0syfhai96ac","previousOperationId":"ow0u9qjigwkwufk"}
{"type":"operationEnd","doDiffs":false,"previousEventId":"co2ijlhx13dgxm0","previousOperationId":"b0no3egm9c6a7rf","operationId":"b0no3egm9c6a7rf","timestamp":1776674414405,"id":"15qd7kq5hjalm8g"}
